d:\palworld\palworlddiscordplugin\build\palworlddiscordplugin.dir\release\install.obj
d:\palworld\palworlddiscordplugin\build\palworlddiscordplugin.dir\release\logger.obj
d:\palworld\palworlddiscordplugin\build\palworlddiscordplugin.dir\release\config.obj
d:\palworld\palworlddiscordplugin\build\palworlddiscordplugin.dir\release\discord_webhook.obj
d:\palworld\palworlddiscordplugin\build\palworlddiscordplugin.dir\release\plugin.obj
d:\palworld\palworlddiscordplugin\build\palworlddiscordplugin.dir\release\main.obj
d:\palworld\palworlddiscordplugin\build\palworlddiscordplugin.dir\release\console_pipe.obj
d:\palworld\palworlddiscordplugin\build\cmakefiles\generate.stamp
d:\palworld\palworlddiscordplugin\build\bin\release\palworlddiscordplugin.dll
d:\palworld\palworlddiscordplugin\build\lib\release\palworlddiscordplugin.lib
d:\palworld\palworlddiscordplugin\build\lib\release\palworlddiscordplugin.exp
d:\palworld\palworlddiscordplugin\build\palworlddiscordplugin.dir\release\chat_hook.obj
d:\palworld\palworlddiscordplugin\build\palworlddiscordplugin.dir\release\file_bridge.obj
d:\palworld\palworlddiscordplugin\build\palworlddiscordplugin.dir\release\http_server.obj
d:\palworld\palworlddiscordplugin\build\palworlddiscordplugin.dir\release\log_watcher.obj
d:\palworld\palworlddiscordplugin\build\palworlddiscordplugin.dir\release\palworld.6cc54749.tlog\cl.command.1.tlog
d:\palworld\palworlddiscordplugin\build\palworlddiscordplugin.dir\release\palworld.6cc54749.tlog\cl.items.tlog
d:\palworld\palworlddiscordplugin\build\palworlddiscordplugin.dir\release\palworld.6cc54749.tlog\cl.read.1.tlog
d:\palworld\palworlddiscordplugin\build\palworlddiscordplugin.dir\release\palworld.6cc54749.tlog\cl.write.1.tlog
d:\palworld\palworlddiscordplugin\build\palworlddiscordplugin.dir\release\palworld.6cc54749.tlog\custombuild.command.1.tlog
d:\palworld\palworlddiscordplugin\build\palworlddiscordplugin.dir\release\palworld.6cc54749.tlog\custombuild.read.1.tlog
d:\palworld\palworlddiscordplugin\build\palworlddiscordplugin.dir\release\palworld.6cc54749.tlog\custombuild.write.1.tlog
d:\palworld\palworlddiscordplugin\build\palworlddiscordplugin.dir\release\palworld.6cc54749.tlog\link.command.1.tlog
d:\palworld\palworlddiscordplugin\build\palworlddiscordplugin.dir\release\palworld.6cc54749.tlog\link.read.1.tlog
d:\palworld\palworlddiscordplugin\build\palworlddiscordplugin.dir\release\palworld.6cc54749.tlog\link.secondary.1.tlog
d:\palworld\palworlddiscordplugin\build\palworlddiscordplugin.dir\release\palworld.6cc54749.tlog\link.write.1.tlog
